[debug] [2019-05-05T16:04:23.153Z] ----------------------------------------------------------------------
[debug] [2019-05-05T16:04:23.155Z] Command:       /usr/local/bin/node /usr/local/bin/firebase deploy
[debug] [2019-05-05T16:04:23.155Z] CLI Version:   6.5.0
[debug] [2019-05-05T16:04:23.155Z] Platform:      darwin
[debug] [2019-05-05T16:04:23.155Z] Node Version:  v10.15.3
[debug] [2019-05-05T16:04:23.156Z] Time:          Sun May 05 2019 18:04:23 GMT+0200 (Central European Summer Time)
[debug] [2019-05-05T16:04:23.157Z] ----------------------------------------------------------------------
[debug] 
[debug] [2019-05-05T16:04:23.166Z] > command requires scopes: ["email","openid","https://www.googleapis.com/auth/cloudplatformprojects.readonly","https://www.googleapis.com/auth/firebase","https://www.googleapis.com/auth/cloud-platform"]
[debug] [2019-05-05T16:04:23.166Z] > authorizing via signed-in user
[debug] [2019-05-05T16:04:23.166Z] [iam] checking project lucacesarano-com for permissions ["firebase.projects.get","firebasehosting.sites.update"]
[debug] [2019-05-05T16:04:23.168Z] >>> HTTP REQUEST POST https://cloudresourcemanager.googleapis.com/v1/projects/lucacesarano-com:testIamPermissions  

[debug] [2019-05-05T16:04:24.116Z] <<< HTTP RESPONSE 200
[debug] [2019-05-05T16:04:24.118Z] >>> HTTP REQUEST GET https://firebase.googleapis.com/v1beta1/projects/lucacesarano-com  
 
[debug] [2019-05-05T16:04:24.361Z] <<< HTTP RESPONSE 200
[info] 
[info] === Deploying to 'lucacesarano-com'...
[info] 
[info] i  deploying hosting
[debug] [2019-05-05T16:04:24.365Z] >>> HTTP REQUEST POST https://firebasehosting.googleapis.com/v1beta1/sites/lucacesarano-com/versions  

